# JRE version: OpenJDK Runtime Environment Temurin-11.0.17+8 (11.0.17+8) (build 11.0.17+8)
# Java VM: OpenJDK 64-Bit Server VM Temurin-11.0.17+8 (11.0.17+8, mixed mode, tiered, compressed oops, g1 gc, windows-amd64)
Heap:
 garbage-first heap   total 262144K, used 49319K [0x00000000e0000000, 0x0000000100000000)
  region size 1024K, 8 young (8192K), 5 survivors (5120K)
 Metaspace       used 72787K, capacity 75099K, committed 75272K, reserved 319488K
  class space    used 9341K, capacity 10220K, committed 10240K, reserved 253952K
GC Heap History (20 events):
Event: 4.678 GC heap before
{Heap before GC invocations=2 (full 0):
 garbage-first heap   total 262144K, used 36299K [0x00000000e0000000, 0x0000000100000000)
  region size 1024K, 28 young (28672K), 2 survivors (2048K)
 Metaspace       used 11239K, capacity 11513K, committed 11776K, reserved 266240K
  class space    used 1146K, capacity 1243K, committed 1280K, reserved 253952K
}
Event: 4.683 GC heap after
{Heap after GC invocations=3 (full 0):
 garbage-first heap   total 262144K, used 11325K [0x00000000e0000000, 0x0000000100000000)
  region size 1024K, 4 young (4096K), 4 survivors (4096K)
 Metaspace       used 11239K, capacity 11513K, committed 11776K, reserved 266240K
  class space    used 1146K, capacity 1243K, committed 1280K, reserved 253952K
}
Event: 8.008 GC heap before
{Heap before GC invocations=3 (full 0):
 garbage-first heap   total 262144K, used 52285K [0x00000000e0000000, 0x0000000100000000)
  region size 1024K, 43 young (44032K), 4 survivors (4096K)
 Metaspace       used 17685K, capacity 18138K, committed 18432K, reserved 270336K
  class space    used 2047K, capacity 2178K, committed 2304K, reserved 253952K
}
Event: 8.020 GC heap after
{Heap after GC invocations=4 (full 0):
 garbage-first heap   total 262144K, used 16335K [0x00000000e0000000, 0x0000000100000000)
  region size 1024K, 6 young (6144K), 6 survivors (6144K)
 Metaspace       used 17685K, capacity 18138K, committed 18432K, reserved 270336K
  class space    used 2047K, capacity 2178K, committed 2304K, reserved 253952K
}
Event: 9.004 GC heap before
{Heap before GC invocations=4 (full 0):
 garbage-first heap   total 262144K, used 39887K [0x00000000e0000000, 0x0000000100000000)
  region size 1024K, 31 young (31744K), 6 survivors (6144K)
 Metaspace       used 20663K, capacity 21129K, committed 21296K, reserved 274432K
  class space    used 2476K, capacity 2622K, committed 2688K, reserved 253952K
}
Event: 9.017 GC heap after
{Heap after GC invocations=5 (full 0):
 garbage-first heap   total 262144K, used 17551K [0x00000000e0000000, 0x0000000100000000)
  region size 1024K, 2 young (2048K), 2 survivors (2048K)
 Metaspace       used 20663K, capacity 21129K, committed 21296K, reserved 274432K
  class space    used 2476K, capacity 2622K, committed 2688K, reserved 253952K
}
Event: 10.836 GC heap before
{Heap before GC invocations=6 (full 0):
 garbage-first heap   total 262144K, used 71823K [0x00000000e0000000, 0x0000000100000000)
  region size 1024K, 56 young (57344K), 2 survivors (2048K)
 Metaspace       used 26804K, capacity 27497K, committed 27696K, reserved 278528K
  class space    used 3445K, capacity 3673K, committed 3712K, reserved 253952K
}
Event: 10.852 GC heap after
{Heap after GC invocations=7 (full 0):
 garbage-first heap   total 262144K, used 19527K [0x00000000e0000000, 0x0000000100000000)
  region size 1024K, 4 young (4096K), 4 survivors (4096K)
 Metaspace       used 26804K, capacity 27497K, committed 27696K, reserved 278528K
  class space    used 3445K, capacity 3673K, committed 3712K, reserved 253952K
}
Event: 14.607 GC heap before
{Heap before GC invocations=7 (full 0):
 garbage-first heap   total 262144K, used 79943K [0x00000000e0000000, 0x0000000100000000)
  region size 1024K, 64 young (65536K), 4 survivors (4096K)
 Metaspace       used 35058K, capacity 35795K, committed 35920K, reserved 286720K
  class space    used 4490K, capacity 4824K, committed 4864K, reserved 253952K
}
Event: 14.623 GC heap after
{Heap after GC invocations=8 (full 0):
 garbage-first heap   total 262144K, used 22528K [0x00000000e0000000, 0x0000000100000000)
  region size 1024K, 6 young (6144K), 6 survivors (6144K)
 Metaspace       used 35058K, capacity 35795K, committed 35920K, reserved 286720K
  class space    used 4490K, capacity 4824K, committed 4864K, reserved 253952K
}
Event: 23.526 GC heap before
{Heap before GC invocations=9 (full 0):
 garbage-first heap   total 262144K, used 176128K [0x00000000e0000000, 0x0000000100000000)
  region size 1024K, 153 young (156672K), 6 survivors (6144K)
 Metaspace       used 48430K, capacity 49647K, committed 49872K, reserved 299008K
  class space    used 6211K, capacity 6685K, committed 6784K, reserved 253952K
}
Event: 23.706 GC heap after
{Heap after GC invocations=10 (full 0):
 garbage-first heap   total 262144K, used 29398K [0x00000000e0000000, 0x0000000100000000)
  region size 1024K, 13 young (13312K), 13 survivors (13312K)
 Metaspace       used 48430K, capacity 49647K, committed 49872K, reserved 299008K
  class space    used 6211K, capacity 6685K, committed 6784K, reserved 253952K
}
Event: 28.748 GC heap before
{Heap before GC invocations=10 (full 0):
 garbage-first heap   total 262144K, used 141014K [0x00000000e0000000, 0x0000000100000000)
  region size 1024K, 123 young (125952K), 13 survivors (13312K)
 Metaspace       used 58345K, capacity 60153K, committed 60296K, reserved 307200K
  class space    used 7735K, capacity 8498K, committed 8576K, reserved 253952K
}
Event: 29.004 GC heap after
{Heap after GC invocations=11 (full 0):
 garbage-first heap   total 262144K, used 37038K [0x00000000e0000000, 0x0000000100000000)
  region size 1024K, 15 young (15360K), 15 survivors (15360K)
 Metaspace       used 58345K, capacity 60153K, committed 60296K, reserved 307200K
  class space    used 7735K, capacity 8498K, committed 8576K, reserved 253952K
}
Event: 31.721 GC heap before
{Heap before GC invocations=12 (full 0):
 garbage-first heap   total 262144K, used 71854K [0x00000000e0000000, 0x0000000100000000)
  region size 1024K, 50 young (51200K), 15 survivors (15360K)
 Metaspace       used 65767K, capacity 67796K, committed 67976K, reserved 313344K
  class space    used 8660K, capacity 9487K, committed 9600K, reserved 253952K
}
Event: 31.882 GC heap after
{Heap after GC invocations=13 (full 0):
 garbage-first heap   total 262144K, used 40475K [0x00000000e0000000, 0x0000000100000000)
  region size 1024K, 5 young (5120K), 5 survivors (5120K)
 Metaspace       used 65767K, capacity 67796K, committed 67976K, reserved 313344K
  class space    used 8660K, capacity 9487K, committed 9600K, reserved 253952K
}
Event: 39.158 GC heap before
{Heap before GC invocations=13 (full 0):
 garbage-first heap   total 262144K, used 177691K [0x00000000e0000000, 0x0000000100000000)
  region size 1024K, 140 young (143360K), 5 survivors (5120K)
 Metaspace       used 71315K, capacity 73649K, committed 73864K, reserved 319488K
  class space    used 9171K, capacity 10096K, committed 10112K, reserved 253952K
}
Event: 39.392 GC heap after
{Heap after GC invocations=14 (full 0):
 garbage-first heap   total 262144K, used 47439K [0x00000000e0000000, 0x0000000100000000)
  region size 1024K, 11 young (11264K), 11 survivors (11264K)
 Metaspace       used 71315K, capacity 73649K, committed 73864K, reserved 319488K
  class space    used 9171K, capacity 10096K, committed 10112K, reserved 253952K
}
Event: 44.956 GC heap before
{Heap before GC invocations=14 (full 0):
 garbage-first heap   total 262144K, used 84303K [0x00000000e0000000, 0x0000000100000000)
  region size 1024K, 48 young (49152K), 11 survivors (11264K)
 Metaspace       used 72659K, capacity 74971K, committed 75016K, reserved 319488K
  class space    used 9318K, capacity 10220K, committed 10240K, reserved 253952K
}
Event: 45.025 GC heap after
{Heap after GC invocations=15 (full 0):
 garbage-first heap   total 262144K, used 47271K [0x00000000e0000000, 0x0000000100000000)
  region size 1024K, 5 young (5120K), 5 survivors (5120K)
 Metaspace       used 72659K, capacity 74971K, committed 75016K, reserved 319488K
  class space    used 9318K, capacity 10220K, committed 10240K, reserved 253952K
}

