# JRE version: OpenJDK Runtime Environment Corretto-11.0.18.10.1 (11.0.18+10) (build 11.0.18+10-LTS)
# Java VM: OpenJDK 64-Bit Server VM Corretto-11.0.18.10.1 (11.0.18+10-LTS, mixed mode, tiered, compressed oops, g1 gc, windows-amd64)
Heap:
 garbage-first heap   total 95232K, used 72531K [0x00000000e0000000, 0x0000000100000000)
  region size 1024K, 17 young (17408K), 3 survivors (3072K)
 Metaspace       used 40474K, capacity 41721K, committed 41844K, reserved 1085440K
  class space    used 4552K, capacity 5049K, committed 5120K, reserved 1048576K
GC Heap History (20 events):
Event: 37.771 GC heap before
{Heap before GC invocations=63 (full 0):
 garbage-first heap   total 63488K, used 47458K [0x00000000e0000000, 0x0000000100000000)
  region size 1024K, 7 young (7168K), 1 survivors (1024K)
 Metaspace       used 33723K, capacity 34737K, committed 34992K, reserved 1081344K
  class space    used 3648K, capacity 4060K, committed 4096K, reserved 1048576K
}
Event: 37.775 GC heap after
{Heap after GC invocations=64 (full 0):
 garbage-first heap   total 63488K, used 43327K [0x00000000e0000000, 0x0000000100000000)
  region size 1024K, 1 young (1024K), 1 survivors (1024K)
 Metaspace       used 33723K, capacity 34737K, committed 34992K, reserved 1081344K
  class space    used 3648K, capacity 4060K, committed 4096K, reserved 1048576K
}
Event: 37.908 GC heap before
{Heap before GC invocations=64 (full 0):
 garbage-first heap   total 63488K, used 49471K [0x00000000e0000000, 0x0000000100000000)
  region size 1024K, 7 young (7168K), 1 survivors (1024K)
 Metaspace       used 34395K, capacity 35377K, committed 35632K, reserved 1081344K
  class space    used 3721K, capacity 4124K, committed 4224K, reserved 1048576K
}
Event: 37.913 GC heap after
{Heap after GC invocations=65 (full 0):
 garbage-first heap   total 95232K, used 44134K [0x00000000e0000000, 0x0000000100000000)
  region size 1024K, 1 young (1024K), 1 survivors (1024K)
 Metaspace       used 34395K, capacity 35377K, committed 35632K, reserved 1081344K
  class space    used 3721K, capacity 4124K, committed 4224K, reserved 1048576K
}
Event: 38.198 GC heap before
{Heap before GC invocations=65 (full 0):
 garbage-first heap   total 95232K, used 59494K [0x00000000e0000000, 0x0000000100000000)
  region size 1024K, 16 young (16384K), 1 survivors (1024K)
 Metaspace       used 34906K, capacity 35922K, committed 36144K, reserved 1081344K
  class space    used 3797K, capacity 4220K, committed 4224K, reserved 1048576K
}
Event: 38.203 GC heap after
{Heap after GC invocations=66 (full 0):
 garbage-first heap   total 95232K, used 45642K [0x00000000e0000000, 0x0000000100000000)
  region size 1024K, 2 young (2048K), 2 survivors (2048K)
 Metaspace       used 34906K, capacity 35922K, committed 36144K, reserved 1081344K
  class space    used 3797K, capacity 4220K, committed 4224K, reserved 1048576K
}
Event: 38.397 GC heap before
{Heap before GC invocations=66 (full 0):
 garbage-first heap   total 95232K, used 62026K [0x00000000e0000000, 0x0000000100000000)
  region size 1024K, 18 young (18432K), 2 survivors (2048K)
 Metaspace       used 35767K, capacity 36786K, committed 37040K, reserved 1081344K
  class space    used 3885K, capacity 4316K, committed 4352K, reserved 1048576K
}
Event: 38.410 GC heap after
{Heap after GC invocations=67 (full 0):
 garbage-first heap   total 95232K, used 47266K [0x00000000e0000000, 0x0000000100000000)
  region size 1024K, 3 young (3072K), 3 survivors (3072K)
 Metaspace       used 35767K, capacity 36786K, committed 37040K, reserved 1081344K
  class space    used 3885K, capacity 4316K, committed 4352K, reserved 1048576K
}
Event: 41.138 GC heap before
{Heap before GC invocations=67 (full 0):
 garbage-first heap   total 95232K, used 64674K [0x00000000e0000000, 0x0000000100000000)
  region size 1024K, 20 young (20480K), 3 survivors (3072K)
 Metaspace       used 36822K, capacity 37909K, committed 37936K, reserved 1083392K
  class space    used 4027K, capacity 4477K, committed 4480K, reserved 1048576K
}
Event: 41.151 GC heap after
{Heap after GC invocations=68 (full 0):
 garbage-first heap   total 95232K, used 48642K [0x00000000e0000000, 0x0000000100000000)
  region size 1024K, 3 young (3072K), 3 survivors (3072K)
 Metaspace       used 36822K, capacity 37909K, committed 37936K, reserved 1083392K
  class space    used 4027K, capacity 4477K, committed 4480K, reserved 1048576K
}
Event: 41.485 GC heap before
{Heap before GC invocations=68 (full 0):
 garbage-first heap   total 95232K, used 66050K [0x00000000e0000000, 0x0000000100000000)
  region size 1024K, 20 young (20480K), 3 survivors (3072K)
 Metaspace       used 37573K, capacity 38703K, committed 38832K, reserved 1083392K
  class space    used 4138K, capacity 4598K, committed 4608K, reserved 1048576K
}
Event: 41.497 GC heap after
{Heap after GC invocations=69 (full 0):
 garbage-first heap   total 95232K, used 50122K [0x00000000e0000000, 0x0000000100000000)
  region size 1024K, 3 young (3072K), 3 survivors (3072K)
 Metaspace       used 37573K, capacity 38703K, committed 38832K, reserved 1083392K
  class space    used 4138K, capacity 4598K, committed 4608K, reserved 1048576K
}
Event: 41.725 GC heap before
{Heap before GC invocations=69 (full 0):
 garbage-first heap   total 95232K, used 58314K [0x00000000e0000000, 0x0000000100000000)
  region size 1024K, 12 young (12288K), 3 survivors (3072K)
 Metaspace       used 37959K, capacity 39065K, committed 39216K, reserved 1083392K
  class space    used 4178K, capacity 4633K, committed 4736K, reserved 1048576K
}
Event: 41.738 GC heap after
{Heap after GC invocations=70 (full 0):
 garbage-first heap   total 95232K, used 50810K [0x00000000e0000000, 0x0000000100000000)
  region size 1024K, 1 young (1024K), 1 survivors (1024K)
 Metaspace       used 37959K, capacity 39065K, committed 39216K, reserved 1083392K
  class space    used 4178K, capacity 4633K, committed 4736K, reserved 1048576K
}
Event: 42.914 GC heap before
{Heap before GC invocations=71 (full 0):
 garbage-first heap   total 95232K, used 68218K [0x00000000e0000000, 0x0000000100000000)
  region size 1024K, 18 young (18432K), 1 survivors (1024K)
 Metaspace       used 38514K, capacity 39648K, committed 39924K, reserved 1085440K
  class space    used 4253K, capacity 4699K, committed 4736K, reserved 1048576K
}
Event: 42.918 GC heap after
{Heap after GC invocations=72 (full 0):
 garbage-first heap   total 95232K, used 51851K [0x00000000e0000000, 0x0000000100000000)
  region size 1024K, 2 young (2048K), 2 survivors (2048K)
 Metaspace       used 38514K, capacity 39648K, committed 39924K, reserved 1085440K
  class space    used 4253K, capacity 4699K, committed 4736K, reserved 1048576K
}
Event: 43.282 GC heap before
{Heap before GC invocations=72 (full 0):
 garbage-first heap   total 95232K, used 69259K [0x00000000e0000000, 0x0000000100000000)
  region size 1024K, 20 young (20480K), 2 survivors (2048K)
 Metaspace       used 39248K, capacity 40419K, committed 40564K, reserved 1085440K
  class space    used 4370K, capacity 4828K, committed 4864K, reserved 1048576K
}
Event: 43.288 GC heap after
{Heap after GC invocations=73 (full 0):
 garbage-first heap   total 95232K, used 53043K [0x00000000e0000000, 0x0000000100000000)
  region size 1024K, 3 young (3072K), 3 survivors (3072K)
 Metaspace       used 39248K, capacity 40419K, committed 40564K, reserved 1085440K
  class space    used 4370K, capacity 4828K, committed 4864K, reserved 1048576K
}
Event: 52.848 GC heap before
{Heap before GC invocations=73 (full 0):
 garbage-first heap   total 95232K, used 75571K [0x00000000e0000000, 0x0000000100000000)
  region size 1024K, 20 young (20480K), 3 survivors (3072K)
 Metaspace       used 39951K, capacity 41137K, committed 41204K, reserved 1085440K
  class space    used 4467K, capacity 4961K, committed 4992K, reserved 1048576K
}
Event: 52.861 GC heap after
{Heap after GC invocations=74 (full 0):
 garbage-first heap   total 95232K, used 59219K [0x00000000e0000000, 0x0000000100000000)
  region size 1024K, 3 young (3072K), 3 survivors (3072K)
 Metaspace       used 39951K, capacity 41137K, committed 41204K, reserved 1085440K
  class space    used 4467K, capacity 4961K, committed 4992K, reserved 1048576K
}

