# JRE version: OpenJDK Runtime Environment Corretto-11.0.18.10.1 (11.0.18+10) (build 11.0.18+10-LTS)
# Java VM: OpenJDK 64-Bit Server VM Corretto-11.0.18.10.1 (11.0.18+10-LTS, mixed mode, tiered, compressed oops, g1 gc, windows-amd64)
Heap:
 garbage-first heap   total 84992K, used 57719K [0x00000000e0000000, 0x0000000100000000)
  region size 1024K, 3 young (3072K), 2 survivors (2048K)
 Metaspace       used 39779K, capacity 40976K, committed 41264K, reserved 1091584K
  class space    used 4450K, capacity 4929K, committed 4992K, reserved 1048576K
GC Heap History (20 events):
Event: 37.380 GC heap before
{Heap before GC invocations=68 (full 0):
 garbage-first heap   total 63488K, used 52884K [0x00000000e0000000, 0x0000000100000000)
  region size 1024K, 3 young (3072K), 1 survivors (1024K)
 Metaspace       used 38652K, capacity 39807K, committed 39984K, reserved 1085440K
  class space    used 4281K, capacity 4731K, committed 4736K, reserved 1048576K
}
Event: 37.384 GC heap after
{Heap after GC invocations=69 (full 0):
 garbage-first heap   total 63488K, used 51056K [0x00000000e0000000, 0x0000000100000000)
  region size 1024K, 1 young (1024K), 1 survivors (1024K)
 Metaspace       used 38652K, capacity 39807K, committed 39984K, reserved 1085440K
  class space    used 4281K, capacity 4731K, committed 4736K, reserved 1048576K
}
Event: 37.421 GC heap before
{Heap before GC invocations=69 (full 0):
 garbage-first heap   total 63488K, used 53104K [0x00000000e0000000, 0x0000000100000000)
  region size 1024K, 3 young (3072K), 1 survivors (1024K)
 Metaspace       used 38724K, capacity 39903K, committed 40112K, reserved 1085440K
  class space    used 4290K, capacity 4763K, committed 4864K, reserved 1048576K
}
Event: 37.424 GC heap after
{Heap after GC invocations=70 (full 0):
 garbage-first heap   total 63488K, used 51130K [0x00000000e0000000, 0x0000000100000000)
  region size 1024K, 1 young (1024K), 1 survivors (1024K)
 Metaspace       used 38724K, capacity 39903K, committed 40112K, reserved 1085440K
  class space    used 4290K, capacity 4763K, committed 4864K, reserved 1048576K
}
Event: 37.458 GC heap before
{Heap before GC invocations=70 (full 0):
 garbage-first heap   total 63488K, used 53178K [0x00000000e0000000, 0x0000000100000000)
  region size 1024K, 3 young (3072K), 1 survivors (1024K)
 Metaspace       used 38840K, capacity 39967K, committed 40112K, reserved 1085440K
  class space    used 4307K, capacity 4763K, committed 4864K, reserved 1048576K
}
Event: 37.460 GC heap after
{Heap after GC invocations=71 (full 0):
 garbage-first heap   total 63488K, used 51184K [0x00000000e0000000, 0x0000000100000000)
  region size 1024K, 1 young (1024K), 1 survivors (1024K)
 Metaspace       used 38840K, capacity 39967K, committed 40112K, reserved 1085440K
  class space    used 4307K, capacity 4763K, committed 4864K, reserved 1048576K
}
Event: 37.489 GC heap before
{Heap before GC invocations=71 (full 0):
 garbage-first heap   total 63488K, used 53232K [0x00000000e0000000, 0x0000000100000000)
  region size 1024K, 3 young (3072K), 1 survivors (1024K)
 Metaspace       used 38937K, capacity 40063K, committed 40368K, reserved 1085440K
  class space    used 4329K, capacity 4795K, committed 4864K, reserved 1048576K
}
Event: 37.491 GC heap after
{Heap after GC invocations=72 (full 0):
 garbage-first heap   total 63488K, used 51354K [0x00000000e0000000, 0x0000000100000000)
  region size 1024K, 1 young (1024K), 1 survivors (1024K)
 Metaspace       used 38937K, capacity 40063K, committed 40368K, reserved 1085440K
  class space    used 4329K, capacity 4795K, committed 4864K, reserved 1048576K
}
Event: 37.536 GC heap before
{Heap before GC invocations=72 (full 0):
 garbage-first heap   total 63488K, used 53402K [0x00000000e0000000, 0x0000000100000000)
  region size 1024K, 3 young (3072K), 1 survivors (1024K)
 Metaspace       used 39038K, capacity 40191K, committed 40368K, reserved 1085440K
  class space    used 4347K, capacity 4795K, committed 4864K, reserved 1048576K
}
Event: 37.539 GC heap after
{Heap after GC invocations=73 (full 0):
 garbage-first heap   total 63488K, used 51451K [0x00000000e0000000, 0x0000000100000000)
  region size 1024K, 1 young (1024K), 1 survivors (1024K)
 Metaspace       used 39038K, capacity 40191K, committed 40368K, reserved 1085440K
  class space    used 4347K, capacity 4795K, committed 4864K, reserved 1048576K
}
Event: 37.598 GC heap before
{Heap before GC invocations=73 (full 0):
 garbage-first heap   total 63488K, used 53499K [0x00000000e0000000, 0x0000000100000000)
  region size 1024K, 3 young (3072K), 1 survivors (1024K)
 Metaspace       used 39147K, capacity 40287K, committed 40368K, reserved 1085440K
  class space    used 4358K, capacity 4827K, committed 4864K, reserved 1048576K
}
Event: 37.601 GC heap after
{Heap after GC invocations=74 (full 0):
 garbage-first heap   total 63488K, used 51592K [0x00000000e0000000, 0x0000000100000000)
  region size 1024K, 1 young (1024K), 1 survivors (1024K)
 Metaspace       used 39147K, capacity 40287K, committed 40368K, reserved 1085440K
  class space    used 4358K, capacity 4827K, committed 4864K, reserved 1048576K
}
Event: 37.654 GC heap before
{Heap before GC invocations=75 (full 0):
 garbage-first heap   total 63488K, used 53640K [0x00000000e0000000, 0x0000000100000000)
  region size 1024K, 3 young (3072K), 1 survivors (1024K)
 Metaspace       used 39221K, capacity 40354K, committed 40624K, reserved 1085440K
  class space    used 4371K, capacity 4828K, committed 4864K, reserved 1048576K
}
Event: 37.656 GC heap after
{Heap after GC invocations=76 (full 0):
 garbage-first heap   total 63488K, used 51634K [0x00000000e0000000, 0x0000000100000000)
  region size 1024K, 1 young (1024K), 1 survivors (1024K)
 Metaspace       used 39221K, capacity 40354K, committed 40624K, reserved 1085440K
  class space    used 4371K, capacity 4828K, committed 4864K, reserved 1048576K
}
Event: 37.682 GC heap before
{Heap before GC invocations=76 (full 0):
 garbage-first heap   total 63488K, used 53682K [0x00000000e0000000, 0x0000000100000000)
  region size 1024K, 3 young (3072K), 1 survivors (1024K)
 Metaspace       used 39293K, capacity 40418K, committed 40624K, reserved 1085440K
  class space    used 4381K, capacity 4828K, committed 4864K, reserved 1048576K
}
Event: 37.684 GC heap after
{Heap after GC invocations=77 (full 0):
 garbage-first heap   total 63488K, used 51685K [0x00000000e0000000, 0x0000000100000000)
  region size 1024K, 1 young (1024K), 1 survivors (1024K)
 Metaspace       used 39293K, capacity 40418K, committed 40624K, reserved 1085440K
  class space    used 4381K, capacity 4828K, committed 4864K, reserved 1048576K
}
Event: 37.771 GC heap before
{Heap before GC invocations=77 (full 0):
 garbage-first heap   total 63488K, used 53733K [0x00000000e0000000, 0x0000000100000000)
  region size 1024K, 3 young (3072K), 1 survivors (1024K)
 Metaspace       used 39339K, capacity 40514K, committed 40624K, reserved 1085440K
  class space    used 4389K, capacity 4860K, committed 4864K, reserved 1048576K
}
Event: 37.774 GC heap after
{Heap after GC invocations=78 (full 0):
 garbage-first heap   total 63488K, used 51809K [0x00000000e0000000, 0x0000000100000000)
  region size 1024K, 1 young (1024K), 1 survivors (1024K)
 Metaspace       used 39339K, capacity 40514K, committed 40624K, reserved 1085440K
  class space    used 4389K, capacity 4860K, committed 4864K, reserved 1048576K
}
Event: 37.806 GC heap before
{Heap before GC invocations=78 (full 0):
 garbage-first heap   total 63488K, used 53857K [0x00000000e0000000, 0x0000000100000000)
  region size 1024K, 3 young (3072K), 1 survivors (1024K)
 Metaspace       used 39411K, capacity 40514K, committed 40624K, reserved 1085440K
  class space    used 4400K, capacity 4860K, committed 4864K, reserved 1048576K
}
Event: 37.811 GC heap after
{Heap after GC invocations=79 (full 0):
 garbage-first heap   total 84992K, used 52096K [0x00000000e0000000, 0x0000000100000000)
  region size 1024K, 1 young (1024K), 1 survivors (1024K)
 Metaspace       used 39411K, capacity 40514K, committed 40624K, reserved 1085440K
  class space    used 4400K, capacity 4860K, committed 4864K, reserved 1048576K
}

