# JRE version: OpenJDK Runtime Environment Temurin-11.0.17+8 (11.0.17+8) (build 11.0.17+8)
# Java VM: OpenJDK 64-Bit Server VM Temurin-11.0.17+8 (11.0.17+8, mixed mode, tiered, compressed oops, g1 gc, windows-amd64)
Heap:
 garbage-first heap   total 262144K, used 27761K [0x00000000e0000000, 0x0000000100000000)
  region size 1024K, 14 young (14336K), 8 survivors (8192K)
 Metaspace       used 35961K, capacity 36779K, committed 37072K, reserved 286720K
  class space    used 4627K, capacity 4984K, committed 4992K, reserved 253952K
GC Heap History (12 events):
Event: 0.888 GC heap before
{Heap before GC invocations=0 (full 0):
 garbage-first heap   total 262144K, used 16384K [0x00000000e0000000, 0x0000000100000000)
  region size 1024K, 14 young (14336K), 0 survivors (0K)
 Metaspace       used 6770K, capacity 6993K, committed 7168K, reserved 262144K
  class space    used 573K, capacity 650K, committed 768K, reserved 253952K
}
Event: 0.894 GC heap after
{Heap after GC invocations=1 (full 0):
 garbage-first heap   total 262144K, used 4280K [0x00000000e0000000, 0x0000000100000000)
  region size 1024K, 2 young (2048K), 2 survivors (2048K)
 Metaspace       used 6770K, capacity 6993K, committed 7168K, reserved 262144K
  class space    used 573K, capacity 650K, committed 768K, reserved 253952K
}
Event: 1.666 GC heap before
{Heap before GC invocations=1 (full 0):
 garbage-first heap   total 262144K, used 18616K [0x00000000e0000000, 0x0000000100000000)
  region size 1024K, 14 young (14336K), 2 survivors (2048K)
 Metaspace       used 10283K, capacity 10554K, committed 10624K, reserved 264192K
  class space    used 1045K, capacity 1138K, committed 1152K, reserved 253952K
}
Event: 1.671 GC heap after
{Heap after GC invocations=2 (full 0):
 garbage-first heap   total 262144K, used 9822K [0x00000000e0000000, 0x0000000100000000)
  region size 1024K, 2 young (2048K), 2 survivors (2048K)
 Metaspace       used 10283K, capacity 10554K, committed 10624K, reserved 264192K
  class space    used 1045K, capacity 1138K, committed 1152K, reserved 253952K
}
Event: 2.984 GC heap before
{Heap before GC invocations=2 (full 0):
 garbage-first heap   total 262144K, used 50782K [0x00000000e0000000, 0x0000000100000000)
  region size 1024K, 42 young (43008K), 2 survivors (2048K)
 Metaspace       used 11617K, capacity 11949K, committed 12160K, reserved 266240K
  class space    used 1228K, capacity 1347K, committed 1408K, reserved 253952K
}
Event: 2.993 GC heap after
{Heap after GC invocations=3 (full 0):
 garbage-first heap   total 262144K, used 14709K [0x00000000e0000000, 0x0000000100000000)
  region size 1024K, 6 young (6144K), 6 survivors (6144K)
 Metaspace       used 11617K, capacity 11949K, committed 12160K, reserved 266240K
  class space    used 1228K, capacity 1347K, committed 1408K, reserved 253952K
}
Event: 6.836 GC heap before
{Heap before GC invocations=3 (full 0):
 garbage-first heap   total 262144K, used 63861K [0x00000000e0000000, 0x0000000100000000)
  region size 1024K, 55 young (56320K), 6 survivors (6144K)
 Metaspace       used 20653K, capacity 21163K, committed 21296K, reserved 274432K
  class space    used 2473K, capacity 2660K, committed 2688K, reserved 253952K
}
Event: 6.862 GC heap after
{Heap after GC invocations=4 (full 0):
 garbage-first heap   total 262144K, used 18036K [0x00000000e0000000, 0x0000000100000000)
  region size 1024K, 8 young (8192K), 8 survivors (8192K)
 Metaspace       used 20653K, capacity 21163K, committed 21296K, reserved 274432K
  class space    used 2473K, capacity 2660K, committed 2688K, reserved 253952K
}
Event: 9.825 GC heap before
{Heap before GC invocations=5 (full 0):
 garbage-first heap   total 262144K, used 77428K [0x00000000e0000000, 0x0000000100000000)
  region size 1024K, 66 young (67584K), 8 survivors (8192K)
 Metaspace       used 27092K, capacity 27717K, committed 27952K, reserved 278528K
  class space    used 3489K, capacity 3705K, committed 3712K, reserved 253952K
}
Event: 9.847 GC heap after
{Heap after GC invocations=6 (full 0):
 garbage-first heap   total 262144K, used 19834K [0x00000000e0000000, 0x0000000100000000)
  region size 1024K, 6 young (6144K), 6 survivors (6144K)
 Metaspace       used 27092K, capacity 27717K, committed 27952K, reserved 278528K
  class space    used 3489K, capacity 3705K, committed 3712K, reserved 253952K
}
Event: 12.442 GC heap before
{Heap before GC invocations=6 (full 0):
 garbage-first heap   total 262144K, used 76154K [0x00000000e0000000, 0x0000000100000000)
  region size 1024K, 62 young (63488K), 6 survivors (6144K)
 Metaspace       used 34995K, capacity 35759K, committed 35920K, reserved 286720K
  class space    used 4481K, capacity 4792K, committed 4864K, reserved 253952K
}
Event: 12.476 GC heap after
{Heap after GC invocations=7 (full 0):
 garbage-first heap   total 262144K, used 22641K [0x00000000e0000000, 0x0000000100000000)
  region size 1024K, 8 young (8192K), 8 survivors (8192K)
 Metaspace       used 34995K, capacity 35759K, committed 35920K, reserved 286720K
  class space    used 4481K, capacity 4792K, committed 4864K, reserved 253952K
}

