# JRE version: OpenJDK Runtime Environment Corretto-11.0.18.10.1 (11.0.18+10) (build 11.0.18+10-LTS)
# Java VM: OpenJDK 64-Bit Server VM Corretto-11.0.18.10.1 (11.0.18+10-LTS, mixed mode, tiered, compressed oops, g1 gc, windows-amd64)
Heap:
 garbage-first heap   total 81920K, used 62768K [0x00000000e0000000, 0x0000000100000000)
  region size 1024K, 8 young (8192K), 2 survivors (2048K)
 Metaspace       used 39696K, capacity 40866K, committed 41008K, reserved 1085440K
  class space    used 4413K, capacity 4892K, committed 4992K, reserved 1048576K
GC Heap History (20 events):
Event: 61.889 GC heap before
{Heap before GC invocations=53 (full 0):
 garbage-first heap   total 52224K, used 42379K [0x00000000e0000000, 0x0000000100000000)
  region size 1024K, 3 young (3072K), 1 survivors (1024K)
 Metaspace       used 32532K, capacity 33517K, committed 33584K, reserved 1079296K
  class space    used 3551K, capacity 3957K, committed 3968K, reserved 1048576K
}
Event: 61.900 GC heap after
{Heap after GC invocations=54 (full 0):
 garbage-first heap   total 81920K, used 41723K [0x00000000e0000000, 0x0000000100000000)
  region size 1024K, 1 young (1024K), 1 survivors (1024K)
 Metaspace       used 32532K, capacity 33517K, committed 33584K, reserved 1079296K
  class space    used 3551K, capacity 3957K, committed 3968K, reserved 1048576K
}
Event: 63.047 GC heap before
{Heap before GC invocations=54 (full 0):
 garbage-first heap   total 81920K, used 54011K [0x00000000e0000000, 0x0000000100000000)
  region size 1024K, 14 young (14336K), 1 survivors (1024K)
 Metaspace       used 34377K, capacity 35378K, committed 35632K, reserved 1081344K
  class space    used 3721K, capacity 4124K, committed 4224K, reserved 1048576K
}
Event: 63.061 GC heap after
{Heap after GC invocations=55 (full 0):
 garbage-first heap   total 81920K, used 43522K [0x00000000e0000000, 0x0000000100000000)
  region size 1024K, 2 young (2048K), 2 survivors (2048K)
 Metaspace       used 34377K, capacity 35378K, committed 35632K, reserved 1081344K
  class space    used 3721K, capacity 4124K, committed 4224K, reserved 1048576K
}
Event: 63.577 GC heap before
{Heap before GC invocations=55 (full 0):
 garbage-first heap   total 81920K, used 56834K [0x00000000e0000000, 0x0000000100000000)
  region size 1024K, 15 young (15360K), 2 survivors (2048K)
 Metaspace       used 34819K, capacity 35859K, committed 35888K, reserved 1081344K
  class space    used 3792K, capacity 4220K, committed 4224K, reserved 1048576K
}
Event: 63.617 GC heap after
{Heap after GC invocations=56 (full 0):
 garbage-first heap   total 81920K, used 44803K [0x00000000e0000000, 0x0000000100000000)
  region size 1024K, 2 young (2048K), 2 survivors (2048K)
 Metaspace       used 34819K, capacity 35859K, committed 35888K, reserved 1081344K
  class space    used 3792K, capacity 4220K, committed 4224K, reserved 1048576K
}
Event: 63.887 GC heap before
{Heap before GC invocations=56 (full 0):
 garbage-first heap   total 81920K, used 58115K [0x00000000e0000000, 0x0000000100000000)
  region size 1024K, 15 young (15360K), 2 survivors (2048K)
 Metaspace       used 35558K, capacity 36627K, committed 36784K, reserved 1081344K
  class space    used 3859K, capacity 4284K, committed 4352K, reserved 1048576K
}
Event: 63.893 GC heap after
{Heap after GC invocations=57 (full 0):
 garbage-first heap   total 81920K, used 46405K [0x00000000e0000000, 0x0000000100000000)
  region size 1024K, 2 young (2048K), 2 survivors (2048K)
 Metaspace       used 35558K, capacity 36627K, committed 36784K, reserved 1081344K
  class space    used 3859K, capacity 4284K, committed 4352K, reserved 1048576K
}
Event: 64.403 GC heap before
{Heap before GC invocations=57 (full 0):
 garbage-first heap   total 81920K, used 60741K [0x00000000e0000000, 0x0000000100000000)
  region size 1024K, 16 young (16384K), 2 survivors (2048K)
 Metaspace       used 36072K, capacity 37156K, committed 37424K, reserved 1083392K
  class space    used 3935K, capacity 4354K, committed 4480K, reserved 1048576K
}
Event: 64.409 GC heap after
{Heap after GC invocations=58 (full 0):
 garbage-first heap   total 81920K, used 47325K [0x00000000e0000000, 0x0000000100000000)
  region size 1024K, 1 young (1024K), 1 survivors (1024K)
 Metaspace       used 36072K, capacity 37156K, committed 37424K, reserved 1083392K
  class space    used 3935K, capacity 4354K, committed 4480K, reserved 1048576K
}
Event: 75.048 GC heap before
{Heap before GC invocations=58 (full 0):
 garbage-first heap   total 81920K, used 61661K [0x00000000e0000000, 0x0000000100000000)
  region size 1024K, 15 young (15360K), 1 survivors (1024K)
 Metaspace       used 37171K, capacity 38328K, committed 38576K, reserved 1083392K
  class space    used 4083K, capacity 4533K, committed 4608K, reserved 1048576K
}
Event: 75.059 GC heap after
{Heap after GC invocations=59 (full 0):
 garbage-first heap   total 81920K, used 48268K [0x00000000e0000000, 0x0000000100000000)
  region size 1024K, 2 young (2048K), 2 survivors (2048K)
 Metaspace       used 37171K, capacity 38328K, committed 38576K, reserved 1083392K
  class space    used 4083K, capacity 4533K, committed 4608K, reserved 1048576K
}
Event: 76.285 GC heap before
{Heap before GC invocations=59 (full 0):
 garbage-first heap   total 81920K, used 62604K [0x00000000e0000000, 0x0000000100000000)
  region size 1024K, 16 young (16384K), 2 survivors (2048K)
 Metaspace       used 37748K, capacity 38862K, committed 39216K, reserved 1083392K
  class space    used 4155K, capacity 4630K, committed 4736K, reserved 1048576K
}
Event: 76.299 GC heap after
{Heap after GC invocations=60 (full 0):
 garbage-first heap   total 81920K, used 49602K [0x00000000e0000000, 0x0000000100000000)
  region size 1024K, 2 young (2048K), 2 survivors (2048K)
 Metaspace       used 37748K, capacity 38862K, committed 39216K, reserved 1083392K
  class space    used 4155K, capacity 4630K, committed 4736K, reserved 1048576K
}
Event: 77.071 GC heap before
{Heap before GC invocations=60 (full 0):
 garbage-first heap   total 81920K, used 63938K [0x00000000e0000000, 0x0000000100000000)
  region size 1024K, 16 young (16384K), 2 survivors (2048K)
 Metaspace       used 38234K, capacity 39423K, committed 39728K, reserved 1085440K
  class space    used 4211K, capacity 4667K, committed 4736K, reserved 1048576K
}
Event: 77.079 GC heap after
{Heap after GC invocations=61 (full 0):
 garbage-first heap   total 81920K, used 50919K [0x00000000e0000000, 0x0000000100000000)
  region size 1024K, 2 young (2048K), 2 survivors (2048K)
 Metaspace       used 38234K, capacity 39423K, committed 39728K, reserved 1085440K
  class space    used 4211K, capacity 4667K, committed 4736K, reserved 1048576K
}
Event: 79.257 GC heap before
{Heap before GC invocations=61 (full 0):
 garbage-first heap   total 81920K, used 65255K [0x00000000e0000000, 0x0000000100000000)
  region size 1024K, 16 young (16384K), 2 survivors (2048K)
 Metaspace       used 38801K, capacity 39935K, committed 39984K, reserved 1085440K
  class space    used 4279K, capacity 4731K, committed 4736K, reserved 1048576K
}
Event: 79.270 GC heap after
{Heap after GC invocations=62 (full 0):
 garbage-first heap   total 81920K, used 51894K [0x00000000e0000000, 0x0000000100000000)
  region size 1024K, 1 young (1024K), 1 survivors (1024K)
 Metaspace       used 38801K, capacity 39935K, committed 39984K, reserved 1085440K
  class space    used 4279K, capacity 4731K, committed 4736K, reserved 1048576K
}
Event: 79.765 GC heap before
{Heap before GC invocations=62 (full 0):
 garbage-first heap   total 81920K, used 66230K [0x00000000e0000000, 0x0000000100000000)
  region size 1024K, 15 young (15360K), 1 survivors (1024K)
 Metaspace       used 39471K, capacity 40610K, committed 40880K, reserved 1085440K
  class space    used 4383K, capacity 4828K, committed 4864K, reserved 1048576K
}
Event: 79.772 GC heap after
{Heap after GC invocations=63 (full 0):
 garbage-first heap   total 81920K, used 52528K [0x00000000e0000000, 0x0000000100000000)
  region size 1024K, 2 young (2048K), 2 survivors (2048K)
 Metaspace       used 39471K, capacity 40610K, committed 40880K, reserved 1085440K
  class space    used 4383K, capacity 4828K, committed 4864K, reserved 1048576K
}

